<?xml version="1.0" encoding="UTF-8"?>
<coverage generated="1639388196540" clover="3.2.0">
  <project timestamp="1639388196540" name="All files">
    <metrics statements="78" coveredstatements="78" conditionals="12" coveredconditionals="10" methods="8" coveredmethods="8" elements="98" coveredelements="96" complexity="0" loc="78" ncloc="78" packages="1" files="1" classes="1"/>
    <file name="index.ts" path="C:\OXYGEN\Testing\tdd\index.ts">
      <metrics statements="78" coveredstatements="78" conditionals="12" coveredconditionals="10" methods="8" coveredmethods="8"/>
      <line num="3" count="16" type="stmt"/>
      <line num="9" count="16" type="stmt"/>
      <line num="10" count="16" type="stmt"/>
      <line num="11" count="16" type="stmt"/>
      <line num="16" count="31" type="cond" truecount="3" falsecount="0"/>
      <line num="17" count="4" type="stmt"/>
      <line num="20" count="27" type="stmt"/>
      <line num="21" count="32" type="cond" truecount="1" falsecount="0"/>
      <line num="24" count="2" type="stmt"/>
      <line num="28" count="11" type="stmt"/>
      <line num="29" count="11" type="stmt"/>
      <line num="30" count="11" type="stmt"/>
      <line num="31" count="11" type="stmt"/>
      <line num="32" count="11" type="stmt"/>
      <line num="35" count="11" type="cond" truecount="0" falsecount="1"/>
      <line num="37" count="11" type="stmt"/>
      <line num="38" count="304" type="stmt"/>
      <line num="39" count="572" type="cond" truecount="1" falsecount="0"/>
      <line num="40" count="110" type="stmt"/>
      <line num="41" count="110" type="stmt"/>
      <line num="45" count="304" type="stmt"/>
      <line num="48" count="11" type="stmt"/>
      <line num="62" count="67" type="stmt"/>
      <line num="63" count="67" type="stmt"/>
      <line num="64" count="67" type="stmt"/>
      <line num="65" count="67" type="stmt"/>
      <line num="66" count="67" type="stmt"/>
      <line num="67" count="67" type="stmt"/>
      <line num="71" count="4" type="stmt"/>
      <line num="72" count="4" type="stmt"/>
      <line num="74" count="4" type="stmt"/>
      <line num="78" count="604" type="stmt"/>
      <line num="79" count="604" type="stmt"/>
      <line num="80" count="604" type="stmt"/>
      <line num="82" count="604" type="cond" truecount="0" falsecount="1"/>
      <line num="84" count="604" type="cond" truecount="3" falsecount="0"/>
      <line num="86" count="469" type="stmt"/>
      <line num="94" count="3" type="stmt"/>
      <line num="95" count="5" type="stmt"/>
      <line num="97" count="3" type="stmt"/>
      <line num="101" count="4" type="stmt"/>
      <line num="102" count="4" type="stmt"/>
      <line num="103" count="4" type="stmt"/>
      <line num="104" count="4" type="stmt"/>
      <line num="106" count="4" type="stmt"/>
      <line num="107" count="8" type="stmt"/>
      <line num="108" count="27" type="cond" truecount="1" falsecount="0"/>
      <line num="109" count="4" type="stmt"/>
      <line num="110" count="4" type="stmt"/>
      <line num="112" count="23" type="stmt"/>
      <line num="116" count="4" type="cond" truecount="1" falsecount="0"/>
      <line num="118" count="3" type="stmt"/>
      <line num="122" count="1" type="stmt"/>
      <line num="129" count="1" type="stmt"/>
      <line num="130" count="1" type="stmt"/>
      <line num="131" count="1" type="stmt"/>
      <line num="132" count="1" type="stmt"/>
      <line num="134" count="1" type="stmt"/>
      <line num="135" count="1" type="stmt"/>
      <line num="136" count="1" type="stmt"/>
      <line num="138" count="1" type="stmt"/>
      <line num="139" count="1" type="stmt"/>
      <line num="140" count="1" type="stmt"/>
      <line num="142" count="1" type="stmt"/>
      <line num="143" count="1" type="stmt"/>
      <line num="145" count="1" type="stmt"/>
      <line num="146" count="1" type="stmt"/>
      <line num="147" count="1" type="stmt"/>
      <line num="148" count="1" type="stmt"/>
      <line num="149" count="1" type="stmt"/>
      <line num="150" count="1" type="stmt"/>
      <line num="151" count="1" type="stmt"/>
      <line num="152" count="1" type="stmt"/>
      <line num="154" count="1" type="stmt"/>
      <line num="155" count="1" type="stmt"/>
      <line num="159" count="1" type="stmt"/>
      <line num="162" count="1" type="stmt"/>
      <line num="163" count="1" type="stmt"/>
    </file>
  </project>
</coverage>
