{"C:\\OXYGEN\\Testing\\tdd\\index.ts": {"path":"C:\\OXYGEN\\Testing\\tdd\\index.ts","statementMap":{"0":{"start":{"line":3,"column":4},"end":{"line":3,"column":18}},"1":{"start":{"line":9,"column":8},"end":{"line":9,"column":25}},"2":{"start":{"line":10,"column":8},"end":{"line":10,"column":25}},"3":{"start":{"line":11,"column":8},"end":{"line":11,"column":33}},"4":{"start":{"line":16,"column":8},"end":{"line":18,"column":null}},"5":{"start":{"line":17,"column":12},"end":{"line":17,"column":25}},"6":{"start":{"line":20,"column":8},"end":{"line":22,"column":null}},"7":{"start":{"line":21,"column":12},"end":{"line":21,"column":90}},"8":{"start":{"line":21,"column":78},"end":{"line":21,"column":90}},"9":{"start":{"line":24,"column":8},"end":{"line":24,"column":21}},"10":{"start":{"line":28,"column":23},"end":{"line":28,"column":42}},"11":{"start":{"line":29,"column":27},"end":{"line":29,"column":28}},"12":{"start":{"line":30,"column":23},"end":{"line":30,"column":42}},"13":{"start":{"line":31,"column":21},"end":{"line":31,"column":38}},"14":{"start":{"line":32,"column":31},"end":{"line":33,"column":41}},"15":{"start":{"line":35,"column":8},"end":{"line":35,"column":37}},"16":{"start":{"line":35,"column":28},"end":{"line":35,"column":37}},"17":{"start":{"line":37,"column":8},"end":{"line":46,"column":null}},"18":{"start":{"line":38,"column":12},"end":{"line":43,"column":null}},"19":{"start":{"line":39,"column":16},"end":{"line":42,"column":null}},"20":{"start":{"line":40,"column":20},"end":{"line":40,"column":38}},"21":{"start":{"line":41,"column":20},"end":{"line":41,"column":26}},"22":{"start":{"line":45,"column":12},"end":{"line":45,"column":52}},"23":{"start":{"line":48,"column":8},"end":{"line":48,"column":53}},"24":{"start":{"line":62,"column":8},"end":{"line":62,"column":25}},"25":{"start":{"line":63,"column":8},"end":{"line":63,"column":27}},"26":{"start":{"line":64,"column":8},"end":{"line":64,"column":33}},"27":{"start":{"line":65,"column":8},"end":{"line":65,"column":35}},"28":{"start":{"line":66,"column":8},"end":{"line":66,"column":33}},"29":{"start":{"line":67,"column":8},"end":{"line":67,"column":25}},"30":{"start":{"line":71,"column":25},"end":{"line":71,"column":87}},"31":{"start":{"line":72,"column":8},"end":{"line":72,"column":57}},"32":{"start":{"line":74,"column":8},"end":{"line":74,"column":26}},"33":{"start":{"line":78,"column":8},"end":{"line":78,"column":40}},"34":{"start":{"line":79,"column":8},"end":{"line":79,"column":50}},"35":{"start":{"line":80,"column":8},"end":{"line":80,"column":46}},"36":{"start":{"line":82,"column":8},"end":{"line":82,"column":47}},"37":{"start":{"line":82,"column":34},"end":{"line":82,"column":47}},"38":{"start":{"line":84,"column":8},"end":{"line":84,"column":62}},"39":{"start":{"line":84,"column":50},"end":{"line":84,"column":62}},"40":{"start":{"line":86,"column":8},"end":{"line":86,"column":21}},"41":{"start":{"line":94,"column":29},"end":{"line":94,"column":30}},"42":{"start":{"line":95,"column":4},"end":{"line":95,"column":95}},"43":{"start":{"line":95,"column":28},"end":{"line":95,"column":95}},"44":{"start":{"line":97,"column":4},"end":{"line":97,"column":45}},"45":{"start":{"line":101,"column":19},"end":{"line":101,"column":38}},"46":{"start":{"line":102,"column":31},"end":{"line":102,"column":33}},"47":{"start":{"line":103,"column":19},"end":{"line":103,"column":38}},"48":{"start":{"line":104,"column":17},"end":{"line":104,"column":34}},"49":{"start":{"line":106,"column":4},"end":{"line":114,"column":null}},"50":{"start":{"line":107,"column":8},"end":{"line":113,"column":null}},"51":{"start":{"line":108,"column":12},"end":{"line":111,"column":null}},"52":{"start":{"line":109,"column":16},"end":{"line":109,"column":40}},"53":{"start":{"line":110,"column":16},"end":{"line":110,"column":22}},"54":{"start":{"line":112,"column":12},"end":{"line":112,"column":52}},"55":{"start":{"line":116,"column":4},"end":{"line":116,"column":40}},"56":{"start":{"line":116,"column":30},"end":{"line":116,"column":40}},"57":{"start":{"line":118,"column":4},"end":{"line":118,"column":24}},"58":{"start":{"line":122,"column":0},"end":{"line":127,"column":2}},"59":{"start":{"line":129,"column":11},"end":{"line":129,"column":36}},"60":{"start":{"line":130,"column":12},"end":{"line":130,"column":37}},"61":{"start":{"line":131,"column":12},"end":{"line":131,"column":37}},"62":{"start":{"line":132,"column":11},"end":{"line":132,"column":21}},"63":{"start":{"line":134,"column":14},"end":{"line":134,"column":91}},"64":{"start":{"line":135,"column":15},"end":{"line":135,"column":94}},"65":{"start":{"line":136,"column":15},"end":{"line":136,"column":94}},"66":{"start":{"line":138,"column":0},"end":{"line":138,"column":88}},"67":{"start":{"line":139,"column":0},"end":{"line":139,"column":91}},"68":{"start":{"line":140,"column":0},"end":{"line":140,"column":91}},"69":{"start":{"line":142,"column":15},"end":{"line":142,"column":44}},"70":{"start":{"line":143,"column":0},"end":{"line":143,"column":25}},"71":{"start":{"line":145,"column":0},"end":{"line":145,"column":89}},"72":{"start":{"line":146,"column":0},"end":{"line":146,"column":92}},"73":{"start":{"line":147,"column":0},"end":{"line":147,"column":92}},"74":{"start":{"line":148,"column":0},"end":{"line":148,"column":89}},"75":{"start":{"line":149,"column":0},"end":{"line":149,"column":92}},"76":{"start":{"line":150,"column":0},"end":{"line":150,"column":92}},"77":{"start":{"line":151,"column":0},"end":{"line":151,"column":41}},"78":{"start":{"line":152,"column":0},"end":{"line":152,"column":26}},"79":{"start":{"line":154,"column":16},"end":{"line":154,"column":28}},"80":{"start":{"line":155,"column":14},"end":{"line":155,"column":26}},"81":{"start":{"line":159,"column":0},"end":{"line":159,"column":26}},"82":{"start":{"line":162,"column":0},"end":{"line":162,"column":73}},"83":{"start":{"line":163,"column":0},"end":{"line":163,"column":26}}},"fnMap":{"0":{"name":"(anonymous_0)","decl":{"start":{"line":8,"column":4},"end":{"line":8,"column":16}},"loc":{"start":{"line":8,"column":60},"end":{"line":12,"column":5}}},"1":{"name":"(anonymous_1)","decl":{"start":{"line":14,"column":4},"end":{"line":14,"column":14}},"loc":{"start":{"line":14,"column":26},"end":{"line":25,"column":5}}},"2":{"name":"(anonymous_2)","decl":{"start":{"line":27,"column":4},"end":{"line":27,"column":23}},"loc":{"start":{"line":27,"column":59},"end":{"line":49,"column":5}}},"3":{"name":"(anonymous_3)","decl":{"start":{"line":61,"column":4},"end":{"line":61,"column":17}},"loc":{"start":{"line":61,"column":111},"end":{"line":68,"column":5}}},"4":{"name":"(anonymous_4)","decl":{"start":{"line":70,"column":4},"end":{"line":70,"column":10}},"loc":{"start":{"line":70,"column":10},"end":{"line":75,"column":5}}},"5":{"name":"(anonymous_5)","decl":{"start":{"line":77,"column":4},"end":{"line":77,"column":13}},"loc":{"start":{"line":77,"column":38},"end":{"line":87,"column":5}}},"6":{"name":"totalOccupancyPercentage","decl":{"start":{"line":92,"column":9},"end":{"line":92,"column":33}},"loc":{"start":{"line":92,"column":84},"end":{"line":98,"column":1}}},"7":{"name":"availableRooms","decl":{"start":{"line":100,"column":9},"end":{"line":100,"column":23}},"loc":{"start":{"line":100,"column":74},"end":{"line":119,"column":1}}}},"branchMap":{"0":{"loc":{"start":{"line":16,"column":8},"end":{"line":18,"column":null}},"type":"if","locations":[{"start":{"line":16,"column":8},"end":{"line":18,"column":null}}]},"1":{"loc":{"start":{"line":16,"column":12},"end":{"line":16,"column":51}},"type":"binary-expr","locations":[{"start":{"line":16,"column":12},"end":{"line":16,"column":26}},{"start":{"line":16,"column":30},"end":{"line":16,"column":51}}]},"2":{"loc":{"start":{"line":21,"column":12},"end":{"line":21,"column":90}},"type":"if","locations":[{"start":{"line":21,"column":12},"end":{"line":21,"column":90}}]},"3":{"loc":{"start":{"line":35,"column":8},"end":{"line":35,"column":37}},"type":"if","locations":[{"start":{"line":35,"column":8},"end":{"line":35,"column":37}}]},"4":{"loc":{"start":{"line":39,"column":16},"end":{"line":42,"column":null}},"type":"if","locations":[{"start":{"line":39,"column":16},"end":{"line":42,"column":null}}]},"5":{"loc":{"start":{"line":82,"column":8},"end":{"line":82,"column":47}},"type":"if","locations":[{"start":{"line":82,"column":8},"end":{"line":82,"column":47}}]},"6":{"loc":{"start":{"line":84,"column":8},"end":{"line":84,"column":62}},"type":"if","locations":[{"start":{"line":84,"column":8},"end":{"line":84,"column":62}}]},"7":{"loc":{"start":{"line":84,"column":12},"end":{"line":84,"column":48}},"type":"binary-expr","locations":[{"start":{"line":84,"column":12},"end":{"line":84,"column":29}},{"start":{"line":84,"column":33},"end":{"line":84,"column":48}}]},"8":{"loc":{"start":{"line":108,"column":12},"end":{"line":111,"column":null}},"type":"if","locations":[{"start":{"line":108,"column":12},"end":{"line":111,"column":null}}]},"9":{"loc":{"start":{"line":116,"column":4},"end":{"line":116,"column":40}},"type":"if","locations":[{"start":{"line":116,"column":4},"end":{"line":116,"column":40}}]}},"s":{"0":16,"1":16,"2":16,"3":16,"4":31,"5":4,"6":27,"7":32,"8":25,"9":2,"10":11,"11":11,"12":11,"13":11,"14":11,"15":11,"16":0,"17":11,"18":304,"19":572,"20":110,"21":110,"22":304,"23":11,"24":67,"25":67,"26":67,"27":67,"28":67,"29":67,"30":4,"31":4,"32":4,"33":604,"34":604,"35":604,"36":604,"37":0,"38":604,"39":135,"40":469,"41":3,"42":3,"43":5,"44":3,"45":4,"46":4,"47":4,"48":4,"49":4,"50":8,"51":27,"52":4,"53":4,"54":23,"55":4,"56":1,"57":3,"58":1,"59":1,"60":1,"61":1,"62":1,"63":1,"64":1,"65":1,"66":1,"67":1,"68":1,"69":1,"70":1,"71":1,"72":1,"73":1,"74":1,"75":1,"76":1,"77":1,"78":1,"79":1,"80":1,"81":1,"82":1,"83":1},"f":{"0":16,"1":31,"2":11,"3":67,"4":4,"5":604,"6":3,"7":4},"b":{"0":[4],"1":[31,31],"2":[25],"3":[0],"4":[110],"5":[0],"6":[135],"7":[604,421],"8":[4],"9":[1]}}
}
