TN:
SF:index.ts
FN:8,(anonymous_0)
FN:14,(anonymous_1)
FN:27,(anonymous_2)
FN:61,(anonymous_3)
FN:70,(anonymous_4)
FN:77,(anonymous_5)
FN:92,totalOccupancyPercentage
FN:100,availableRooms
FNF:8
FNH:8
FNDA:16,(anonymous_0)
FNDA:31,(anonymous_1)
FNDA:11,(anonymous_2)
FNDA:67,(anonymous_3)
FNDA:4,(anonymous_4)
FNDA:604,(anonymous_5)
FNDA:3,totalOccupancyPercentage
FNDA:4,availableRooms
DA:3,16
DA:9,16
DA:10,16
DA:11,16
DA:16,31
DA:17,4
DA:20,27
DA:21,32
DA:24,2
DA:28,11
DA:29,11
DA:30,11
DA:31,11
DA:32,11
DA:35,11
DA:37,11
DA:38,304
DA:39,572
DA:40,110
DA:41,110
DA:45,304
DA:48,11
DA:62,67
DA:63,67
DA:64,67
DA:65,67
DA:66,67
DA:67,67
DA:71,4
DA:72,4
DA:74,4
DA:78,604
DA:79,604
DA:80,604
DA:82,604
DA:84,604
DA:86,469
DA:94,3
DA:95,5
DA:97,3
DA:101,4
DA:102,4
DA:103,4
DA:104,4
DA:106,4
DA:107,8
DA:108,27
DA:109,4
DA:110,4
DA:112,23
DA:116,4
DA:118,3
DA:122,1
DA:129,1
DA:130,1
DA:131,1
DA:132,1
DA:134,1
DA:135,1
DA:136,1
DA:138,1
DA:139,1
DA:140,1
DA:142,1
DA:143,1
DA:145,1
DA:146,1
DA:147,1
DA:148,1
DA:149,1
DA:150,1
DA:151,1
DA:152,1
DA:154,1
DA:155,1
DA:159,1
DA:162,1
DA:163,1
LF:78
LH:78
BRDA:16,0,0,4
BRDA:16,1,0,31
BRDA:16,1,1,31
BRDA:21,2,0,25
BRDA:35,3,0,0
BRDA:39,4,0,110
BRDA:82,5,0,0
BRDA:84,6,0,135
BRDA:84,7,0,604
BRDA:84,7,1,421
BRDA:108,8,0,4
BRDA:116,9,0,1
BRF:12
BRH:10
end_of_record
